<?xml version="1.0" encoding="UTF-8"?>
<!-- Generated by org.testng.reporters.JUnitXMLReporter -->
<testsuite ignored="0" hostname="FMR4117-VaradD" failures="1" tests="5" name="Selected_Test_Run" time="123.426" errors="0" timestamp="2026-01-15T12:27:15 IST">
  <testcase classname="reports.Project_Reports_DataDriven" name="createProjectDD" time="0.011">
    <skipped/>
  </testcase> <!-- createProjectDD -->
  <testcase classname="reports.Project_Reports_DataDriven" name="createProjectDD" time="25.325">
    <failure type="java.lang.AssertionError" message="Expected condition failed: waiting for element to be clickable: By.xpath: //div[contains(@class,&amp;apos;max-h-[300px]&amp;apos;)]//button[span[text()=&amp;apos;In Progress&amp;apos;]] (tried for 10 second(s) with 500 milliseconds interval)
Build info: version: &amp;apos;4.16.1&amp;apos;, revision: &amp;apos;9b4c83354e&amp;apos;
System info: os.name: &amp;apos;Windows 11&amp;apos;, os.arch: &amp;apos;amd64&amp;apos;, os.version: &amp;apos;10.0&amp;apos;, java.version: &amp;apos;21.0.8&amp;apos;
Driver info: org.openqa.selenium.edge.EdgeDriver
Capabilities {acceptInsecureCerts: false, browserName: MicrosoftEdge, browserVersion: 143.0.3650.139, fedcm:accounts: true, goog:processID: 1604, ms:edgeOptions: {debuggerAddress: localhost:53996}, msedge: {msedgedriverVersion: 143.0.3650.96 (d55fe85d0141..., userDataDir: C:\Users\VaradDesai\AppData...}, networkConnectionEnabled: false, pageLoadStrategy: normal, platformName: windows, proxy: Proxy(), se:cdp: ws://localhost:53996/devtoo..., se:cdpVersion: 143.0.3650.139, setWindowRect: true, strictFileInteractability: false, timeouts: {implicit: 0, pageLoad: 300000, script: 30000}, unhandledPromptBehavior: dismiss and notify, webauthn:extension:credBlob: true, webauthn:extension:largeBlob: true, webauthn:extension:minPinLength: true, webauthn:extension:prf: true, webauthn:virtualAuthenticators: true}
Session ID: a7e546eb83564ab6c2330e3ce88ecf7e">
      <![CDATA[java.lang.AssertionError: Expected condition failed: waiting for element to be clickable: By.xpath: //div[contains(@class,'max-h-[300px]')]//button[span[text()='In Progress']] (tried for 10 second(s) with 500 milliseconds interval)
Build info: version: '4.16.1', revision: '9b4c83354e'
System info: os.name: 'Windows 11', os.arch: 'amd64', os.version: '10.0', java.version: '21.0.8'
Driver info: org.openqa.selenium.edge.EdgeDriver
Capabilities {acceptInsecureCerts: false, browserName: MicrosoftEdge, browserVersion: 143.0.3650.139, fedcm:accounts: true, goog:processID: 1604, ms:edgeOptions: {debuggerAddress: localhost:53996}, msedge: {msedgedriverVersion: 143.0.3650.96 (d55fe85d0141..., userDataDir: C:\Users\VaradDesai\AppData...}, networkConnectionEnabled: false, pageLoadStrategy: normal, platformName: windows, proxy: Proxy(), se:cdp: ws://localhost:53996/devtoo..., se:cdpVersion: 143.0.3650.139, setWindowRect: true, strictFileInteractability: false, timeouts: {implicit: 0, pageLoad: 300000, script: 30000}, unhandledPromptBehavior: dismiss and notify, webauthn:extension:credBlob: true, webauthn:extension:largeBlob: true, webauthn:extension:minPinLength: true, webauthn:extension:prf: true, webauthn:virtualAuthenticators: true}
Session ID: a7e546eb83564ab6c2330e3ce88ecf7e
at reports.Project_Reports_DataDriven.createProjectDD(Project_Reports_DataDriven.java:137)
at java.base/java.util.ArrayList.forEach(ArrayList.java:1596)
at reports.AppLauncher.lambda$main$2(AppLauncher.java:141)
at java.base/java.lang.Thread.run(Thread.java:1583)
... Removed 23 stack frames]]>
    </failure>
  </testcase> <!-- createProjectDD -->
  <testcase classname="reports.Project_Reports_DataDriven" name="createProjectDD" time="19.857"/>
  <testcase classname="reports.Project_Reports_DataDriven" name="createProjectDD" time="38.693"/>
  <testcase classname="reports.Project_Reports_DataDriven" name="createProjectDD" time="18.511"/>
</testsuite> <!-- Selected_Test_Run -->
