<?xml version="1.0" encoding="UTF-8"?>
<!-- Generated by org.testng.reporters.JUnitXMLReporter -->
<testsuite ignored="0" hostname="FMR4117-VaradD" failures="0" tests="9" name="Default test" time="191.19" errors="0" timestamp="2026-01-12T18:03:13 IST">
  <testcase classname="reports.Project_Grid_Test" name="verifySearchFilter" time="23.742"/>
  <testcase classname="reports.Project_Grid_Test" name="verifyColumnSorting" time="15.235"/>
  <testcase classname="reports.Project_Grid_Test" name="verifyColumnSorting" time="15.709"/>
  <testcase classname="reports.Project_Grid_Test" name="verifyColumnSorting" time="14.755"/>
  <testcase classname="reports.Project_Grid_Test" name="verifyHideColumn" time="15.056"/>
  <testcase classname="reports.Project_Grid_Test" name="verifyHideColumn" time="15.006"/>
  <testcase classname="reports.Project_Grid_Test" name="verifyHideColumn" time="14.852"/>
  <testcase classname="reports.Project_Grid_Test" name="verifyHideColumn" time="14.554"/>
  <testcase classname="reports.Project_Grid_Test" name="verifyPaginationFullTraversal" time="55.269"/>
</testsuite> <!-- Default test -->
