<?xml version="1.0" encoding="UTF-8"?>
<!-- Generated by org.testng.reporters.JUnitXMLReporter -->
<testsuite ignored="0" hostname="FMR4117-VaradD" failures="0" tests="6" name="Selected_Test_Run" time="224.752" errors="0" timestamp="2026-01-21T11:50:58 IST">
  <testcase classname="reports.Project_Grid_Test" name="verifySearchFilter" time="34.803"/>
  <testcase classname="reports.Project_Grid_Test" name="verifySorting" time="13.136"/>
  <testcase classname="reports.Project_Grid_Test" name="verifyHideAllColumns" time="66.883"/>
  <testcase classname="reports.Project_Grid_Test" name="verifyPaginationFullTraversal" time="78.695"/>
  <testcase classname="reports.Project_Grid_Test" name="verifySortingproj" time="12.936"/>
  <testcase classname="reports.Project_Grid_Test" name="verifySortingsource" time="12.817"/>
</testsuite> <!-- Selected_Test_Run -->
