<?xml version="1.0" encoding="UTF-8"?>
<!-- Generated by org.testng.reporters.JUnitReportReporter -->
<testsuite hostname="FMR4117-VaradD" failures="0" tests="6" name="reports.Project_Grid_Test" time="236.410" errors="0" timestamp="2026-01-15T11:59:14 IST" skipped="0">
  <testcase classname="reports.Project_Grid_Test" name="verifySearchFilter" time="22.038"/>
  <testcase classname="reports.Project_Grid_Test" name="verifySorting" time="14.556"/>
  <testcase classname="reports.Project_Grid_Test" name="verifyHideAllColumns" time="72.774"/>
  <testcase classname="reports.Project_Grid_Test" name="verifyPaginationFullTraversal" time="93.401"/>
  <testcase classname="reports.Project_Grid_Test" name="verifySortingproj" time="17.210"/>
  <testcase classname="reports.Project_Grid_Test" name="verifySortingsource" time="16.431"/>
</testsuite> <!-- reports.Project_Grid_Test -->
