<?xml version="1.0" encoding="UTF-8"?>
<!-- Generated by org.testng.reporters.JUnitXMLReporter -->
<testsuite ignored="0" hostname="FMR4117-VaradD" failures="0" tests="6" name="Selected_Test_Run" time="242.441" errors="0" timestamp="2026-01-15T11:59:14 IST">
  <testcase classname="reports.Project_Grid_Test" name="verifySearchFilter" time="22.038"/>
  <testcase classname="reports.Project_Grid_Test" name="verifySorting" time="14.554"/>
  <testcase classname="reports.Project_Grid_Test" name="verifyHideAllColumns" time="72.773"/>
  <testcase classname="reports.Project_Grid_Test" name="verifyPaginationFullTraversal" time="93.398"/>
  <testcase classname="reports.Project_Grid_Test" name="verifySortingproj" time="17.21"/>
  <testcase classname="reports.Project_Grid_Test" name="verifySortingsource" time="16.429"/>
</testsuite> <!-- Selected_Test_Run -->
