<?xml version="1.0" encoding="UTF-8"?>
<testng-results ignored="0" total="9" passed="9" failed="0" skipped="0">
  <reporter-output>
  </reporter-output>
  <suite started-at="2026-01-12T18:00:02 IST" name="Default suite" finished-at="2026-01-12T18:03:13 IST" duration-ms="191190">
    <groups>
    </groups>
    <test started-at="2026-01-12T18:00:02 IST" name="Default test" finished-at="2026-01-12T18:03:13 IST" duration-ms="191190">
      <class name="reports.Project_Grid_Test">
        <test-method is-config="true" signature="setupReport()[pri:0, instance:reports.Project_Grid_Test@127e70c5]" started-at="2026-01-12T18:00:01 IST" name="setupReport" finished-at="2026-01-12T18:00:02 IST" duration-ms="1030" status="PASS">
          <reporter-output>
          </reporter-output>
        </test-method> <!-- setupReport -->
        <test-method is-config="true" signature="setupBrowser()[pri:0, instance:reports.Project_Grid_Test@127e70c5]" started-at="2026-01-12T18:00:02 IST" name="setupBrowser" finished-at="2026-01-12T18:00:07 IST" duration-ms="5162" status="PASS">
          <reporter-output>
          </reporter-output>
        </test-method> <!-- setupBrowser -->
        <test-method signature="verifySearchFilter(java.lang.String)[pri:1, instance:reports.Project_Grid_Test@127e70c5]" started-at="2026-01-12T18:00:07 IST" name="verifySearchFilter" data-provider="searchData" finished-at="2026-01-12T18:00:31 IST" duration-ms="23742" status="PASS">
          <params>
            <param index="0">
              <value>
                <![CDATA[American Board of Ophthalmology]]>
              </value>
            </param>
          </params>
          <reporter-output>
          </reporter-output>
        </test-method> <!-- verifySearchFilter -->
        <test-method is-config="true" signature="captureAfterEach(org.testng.ITestResult)[pri:0, instance:reports.Project_Grid_Test@127e70c5]" started-at="2026-01-12T18:00:31 IST" name="captureAfterEach" finished-at="2026-01-12T18:00:31 IST" duration-ms="5" status="PASS">
          <params>
            <param index="0">
              <value>
                <![CDATA[[TestResult name=verifySearchFilter status=SUCCESS method=Project_Grid_Test.verifySearchFilter(java.lang.String)[pri:1, instance:reports.Project_Grid_Test@127e70c5] output={null}]]]>
              </value>
            </param>
          </params>
          <reporter-output>
          </reporter-output>
        </test-method> <!-- captureAfterEach -->
        <test-method signature="verifyColumnSorting(java.lang.String,java.lang.String)[pri:2, instance:reports.Project_Grid_Test@127e70c5]" started-at="2026-01-12T18:00:31 IST" name="verifyColumnSorting" data-provider="sortingData" finished-at="2026-01-12T18:00:46 IST" duration-ms="15235" status="PASS">
          <params>
            <param index="0">
              <value>
                <![CDATA[Client]]>
              </value>
            </param>
            <param index="1">
              <value>
                <![CDATA[companyName]]>
              </value>
            </param>
          </params>
          <reporter-output>
          </reporter-output>
        </test-method> <!-- verifyColumnSorting -->
        <test-method is-config="true" signature="captureAfterEach(org.testng.ITestResult)[pri:0, instance:reports.Project_Grid_Test@127e70c5]" started-at="2026-01-12T18:00:46 IST" name="captureAfterEach" finished-at="2026-01-12T18:00:46 IST" duration-ms="5" status="PASS">
          <params>
            <param index="0">
              <value>
                <![CDATA[[TestResult name=verifyColumnSorting status=SUCCESS method=Project_Grid_Test.verifyColumnSorting(java.lang.String,java.lang.String)[pri:2, instance:reports.Project_Grid_Test@127e70c5] output={null}]]]>
              </value>
            </param>
          </params>
          <reporter-output>
          </reporter-output>
        </test-method> <!-- captureAfterEach -->
        <test-method signature="verifyColumnSorting(java.lang.String,java.lang.String)[pri:2, instance:reports.Project_Grid_Test@127e70c5]" started-at="2026-01-12T18:00:46 IST" name="verifyColumnSorting" data-provider="sortingData" finished-at="2026-01-12T18:01:02 IST" duration-ms="15709" status="PASS">
          <params>
            <param index="0">
              <value>
                <![CDATA[Project Name]]>
              </value>
            </param>
            <param index="1">
              <value>
                <![CDATA[projectName]]>
              </value>
            </param>
          </params>
          <reporter-output>
          </reporter-output>
        </test-method> <!-- verifyColumnSorting -->
        <test-method is-config="true" signature="captureAfterEach(org.testng.ITestResult)[pri:0, instance:reports.Project_Grid_Test@127e70c5]" started-at="2026-01-12T18:01:02 IST" name="captureAfterEach" finished-at="2026-01-12T18:01:02 IST" duration-ms="2" status="PASS">
          <params>
            <param index="0">
              <value>
                <![CDATA[[TestResult name=verifyColumnSorting status=SUCCESS method=Project_Grid_Test.verifyColumnSorting(java.lang.String,java.lang.String)[pri:2, instance:reports.Project_Grid_Test@127e70c5] output={null}]]]>
              </value>
            </param>
          </params>
          <reporter-output>
          </reporter-output>
        </test-method> <!-- captureAfterEach -->
        <test-method signature="verifyColumnSorting(java.lang.String,java.lang.String)[pri:2, instance:reports.Project_Grid_Test@127e70c5]" started-at="2026-01-12T18:01:02 IST" name="verifyColumnSorting" data-provider="sortingData" finished-at="2026-01-12T18:01:16 IST" duration-ms="14755" status="PASS">
          <params>
            <param index="0">
              <value>
                <![CDATA[Source]]>
              </value>
            </param>
            <param index="1">
              <value>
                <![CDATA[source]]>
              </value>
            </param>
          </params>
          <reporter-output>
          </reporter-output>
        </test-method> <!-- verifyColumnSorting -->
        <test-method is-config="true" signature="captureAfterEach(org.testng.ITestResult)[pri:0, instance:reports.Project_Grid_Test@127e70c5]" started-at="2026-01-12T18:01:16 IST" name="captureAfterEach" finished-at="2026-01-12T18:01:16 IST" duration-ms="0" status="PASS">
          <params>
            <param index="0">
              <value>
                <![CDATA[[TestResult name=verifyColumnSorting status=SUCCESS method=Project_Grid_Test.verifyColumnSorting(java.lang.String,java.lang.String)[pri:2, instance:reports.Project_Grid_Test@127e70c5] output={null}]]]>
              </value>
            </param>
          </params>
          <reporter-output>
          </reporter-output>
        </test-method> <!-- captureAfterEach -->
        <test-method signature="verifyHideColumn(java.lang.String,java.lang.String,java.lang.String)[pri:3, instance:reports.Project_Grid_Test@127e70c5]" started-at="2026-01-12T18:01:16 IST" name="verifyHideColumn" data-provider="hideColumnData" finished-at="2026-01-12T18:01:32 IST" duration-ms="15056" status="PASS">
          <params>
            <param index="0">
              <value>
                <![CDATA[Client]]>
              </value>
            </param>
            <param index="1">
              <value>
                <![CDATA[companyName]]>
              </value>
            </param>
            <param index="2">
              <value>
                <![CDATA[//button[@aria-label='Client column menu']]]>
              </value>
            </param>
          </params>
          <reporter-output>
          </reporter-output>
        </test-method> <!-- verifyHideColumn -->
        <test-method is-config="true" signature="captureAfterEach(org.testng.ITestResult)[pri:0, instance:reports.Project_Grid_Test@127e70c5]" started-at="2026-01-12T18:01:32 IST" name="captureAfterEach" finished-at="2026-01-12T18:01:32 IST" duration-ms="0" status="PASS">
          <params>
            <param index="0">
              <value>
                <![CDATA[[TestResult name=verifyHideColumn status=SUCCESS method=Project_Grid_Test.verifyHideColumn(java.lang.String,java.lang.String,java.lang.String)[pri:3, instance:reports.Project_Grid_Test@127e70c5] output={null}]]]>
              </value>
            </param>
          </params>
          <reporter-output>
          </reporter-output>
        </test-method> <!-- captureAfterEach -->
        <test-method signature="verifyHideColumn(java.lang.String,java.lang.String,java.lang.String)[pri:3, instance:reports.Project_Grid_Test@127e70c5]" started-at="2026-01-12T18:01:32 IST" name="verifyHideColumn" data-provider="hideColumnData" finished-at="2026-01-12T18:01:47 IST" duration-ms="15006" status="PASS">
          <params>
            <param index="0">
              <value>
                <![CDATA[Project Name]]>
              </value>
            </param>
            <param index="1">
              <value>
                <![CDATA[projectName]]>
              </value>
            </param>
            <param index="2">
              <value>
                <![CDATA[//button[@aria-label='Project Name column menu']]]>
              </value>
            </param>
          </params>
          <reporter-output>
          </reporter-output>
        </test-method> <!-- verifyHideColumn -->
        <test-method signature="verifyHideColumn(java.lang.String,java.lang.String,java.lang.String)[pri:3, instance:reports.Project_Grid_Test@127e70c5]" started-at="2026-01-12T18:01:47 IST" name="verifyHideColumn" data-provider="hideColumnData" finished-at="2026-01-12T18:02:01 IST" duration-ms="14852" status="PASS">
          <params>
            <param index="0">
              <value>
                <![CDATA[Source]]>
              </value>
            </param>
            <param index="1">
              <value>
                <![CDATA[source]]>
              </value>
            </param>
            <param index="2">
              <value>
                <![CDATA[//button[@aria-label='Source column menu']]]>
              </value>
            </param>
          </params>
          <reporter-output>
          </reporter-output>
        </test-method> <!-- verifyHideColumn -->
        <test-method is-config="true" signature="captureAfterEach(org.testng.ITestResult)[pri:0, instance:reports.Project_Grid_Test@127e70c5]" started-at="2026-01-12T18:01:47 IST" name="captureAfterEach" finished-at="2026-01-12T18:01:47 IST" duration-ms="0" status="PASS">
          <params>
            <param index="0">
              <value>
                <![CDATA[[TestResult name=verifyHideColumn status=SUCCESS method=Project_Grid_Test.verifyHideColumn(java.lang.String,java.lang.String,java.lang.String)[pri:3, instance:reports.Project_Grid_Test@127e70c5] output={null}]]]>
              </value>
            </param>
          </params>
          <reporter-output>
          </reporter-output>
        </test-method> <!-- captureAfterEach -->
        <test-method signature="verifyHideColumn(java.lang.String,java.lang.String,java.lang.String)[pri:3, instance:reports.Project_Grid_Test@127e70c5]" started-at="2026-01-12T18:02:01 IST" name="verifyHideColumn" data-provider="hideColumnData" finished-at="2026-01-12T18:02:16 IST" duration-ms="14554" status="PASS">
          <params>
            <param index="0">
              <value>
                <![CDATA[Active]]>
              </value>
            </param>
            <param index="1">
              <value>
                <![CDATA[active]]>
              </value>
            </param>
            <param index="2">
              <value>
                <![CDATA[//button[@aria-label='Active column menu']]]>
              </value>
            </param>
          </params>
          <reporter-output>
          </reporter-output>
        </test-method> <!-- verifyHideColumn -->
        <test-method is-config="true" signature="captureAfterEach(org.testng.ITestResult)[pri:0, instance:reports.Project_Grid_Test@127e70c5]" started-at="2026-01-12T18:02:01 IST" name="captureAfterEach" finished-at="2026-01-12T18:02:01 IST" duration-ms="0" status="PASS">
          <params>
            <param index="0">
              <value>
                <![CDATA[[TestResult name=verifyHideColumn status=SUCCESS method=Project_Grid_Test.verifyHideColumn(java.lang.String,java.lang.String,java.lang.String)[pri:3, instance:reports.Project_Grid_Test@127e70c5] output={null}]]]>
              </value>
            </param>
          </params>
          <reporter-output>
          </reporter-output>
        </test-method> <!-- captureAfterEach -->
        <test-method is-config="true" signature="captureAfterEach(org.testng.ITestResult)[pri:0, instance:reports.Project_Grid_Test@127e70c5]" started-at="2026-01-12T18:02:16 IST" name="captureAfterEach" finished-at="2026-01-12T18:02:16 IST" duration-ms="2" status="PASS">
          <params>
            <param index="0">
              <value>
                <![CDATA[[TestResult name=verifyHideColumn status=SUCCESS method=Project_Grid_Test.verifyHideColumn(java.lang.String,java.lang.String,java.lang.String)[pri:3, instance:reports.Project_Grid_Test@127e70c5] output={null}]]]>
              </value>
            </param>
          </params>
          <reporter-output>
          </reporter-output>
        </test-method> <!-- captureAfterEach -->
        <test-method signature="verifyPaginationFullTraversal()[pri:4, instance:reports.Project_Grid_Test@127e70c5]" started-at="2026-01-12T18:02:16 IST" name="verifyPaginationFullTraversal" finished-at="2026-01-12T18:03:11 IST" duration-ms="55269" status="PASS">
          <reporter-output>
          </reporter-output>
        </test-method> <!-- verifyPaginationFullTraversal -->
        <test-method is-config="true" signature="captureAfterEach(org.testng.ITestResult)[pri:0, instance:reports.Project_Grid_Test@127e70c5]" started-at="2026-01-12T18:03:11 IST" name="captureAfterEach" finished-at="2026-01-12T18:03:11 IST" duration-ms="10" status="PASS">
          <params>
            <param index="0">
              <value>
                <![CDATA[[TestResult name=verifyPaginationFullTraversal status=SUCCESS method=Project_Grid_Test.verifyPaginationFullTraversal()[pri:4, instance:reports.Project_Grid_Test@127e70c5] output={null}]]]>
              </value>
            </param>
          </params>
          <reporter-output>
          </reporter-output>
        </test-method> <!-- captureAfterEach -->
        <test-method is-config="true" signature="tearDown()[pri:0, instance:reports.Project_Grid_Test@127e70c5]" started-at="2026-01-12T18:03:11 IST" name="tearDown" finished-at="2026-01-12T18:03:13 IST" duration-ms="1559" status="PASS">
          <reporter-output>
          </reporter-output>
        </test-method> <!-- tearDown -->
      </class> <!-- reports.Project_Grid_Test -->
    </test> <!-- Default test -->
  </suite> <!-- Default suite -->
</testng-results>
