<?xml version="1.0" encoding="UTF-8"?>
<!-- Generated by org.testng.reporters.JUnitReportReporter -->
<testsuite hostname="FMR4117-VaradD" failures="0" tests="212" name="reports.Project_Count_Test" time="702.146" errors="0" timestamp="2026-01-15T20:11:44 IST" skipped="0">
  <testcase classname="reports.Project_Count_Test" name="countProjectsPerCompany" time="3.355"/>
  <testcase classname="reports.Project_Count_Test" name="countProjectsPerCompany" time="3.220"/>
  <testcase classname="reports.Project_Count_Test" name="countProjectsPerCompany" time="3.200"/>
  <testcase classname="reports.Project_Count_Test" name="countProjectsPerCompany" time="3.297"/>
  <testcase classname="reports.Project_Count_Test" name="countProjectsPerCompany" time="3.433"/>
  <testcase classname="reports.Project_Count_Test" name="countProjectsPerCompany" time="3.177"/>
  <testcase classname="reports.Project_Count_Test" name="countProjectsPerCompany" time="3.470"/>
  <testcase classname="reports.Project_Count_Test" name="countProjectsPerCompany" time="3.231"/>
  <testcase classname="reports.Project_Count_Test" name="countProjectsPerCompany" time="3.516"/>
  <testcase classname="reports.Project_Count_Test" name="countProjectsPerCompany" time="3.521"/>
  <testcase classname="reports.Project_Count_Test" name="countProjectsPerCompany" time="3.001"/>
  <testcase classname="reports.Project_Count_Test" name="countProjectsPerCompany" time="3.285"/>
  <testcase classname="reports.Project_Count_Test" name="countProjectsPerCompany" time="3.170"/>
  <testcase classname="reports.Project_Count_Test" name="countProjectsPerCompany" time="3.282"/>
  <testcase classname="reports.Project_Count_Test" name="countProjectsPerCompany" time="3.319"/>
  <testcase classname="reports.Project_Count_Test" name="countProjectsPerCompany" time="3.186"/>
  <testcase classname="reports.Project_Count_Test" name="countProjectsPerCompany" time="3.619"/>
  <testcase classname="reports.Project_Count_Test" name="countProjectsPerCompany" time="3.319"/>
  <testcase classname="reports.Project_Count_Test" name="countProjectsPerCompany" time="3.795"/>
  <testcase classname="reports.Project_Count_Test" name="countProjectsPerCompany" time="3.354"/>
  <testcase classname="reports.Project_Count_Test" name="countProjectsPerCompany" time="3.366"/>
  <testcase classname="reports.Project_Count_Test" name="countProjectsPerCompany" time="3.796"/>
  <testcase classname="reports.Project_Count_Test" name="countProjectsPerCompany" time="3.183"/>
  <testcase classname="reports.Project_Count_Test" name="countProjectsPerCompany" time="3.237"/>
  <testcase classname="reports.Project_Count_Test" name="countProjectsPerCompany" time="3.565"/>
  <testcase classname="reports.Project_Count_Test" name="countProjectsPerCompany" time="3.223"/>
  <testcase classname="reports.Project_Count_Test" name="countProjectsPerCompany" time="3.170"/>
  <testcase classname="reports.Project_Count_Test" name="countProjectsPerCompany" time="3.185"/>
  <testcase classname="reports.Project_Count_Test" name="countProjectsPerCompany" time="3.235"/>
  <testcase classname="reports.Project_Count_Test" name="countProjectsPerCompany" time="3.433"/>
  <testcase classname="reports.Project_Count_Test" name="countProjectsPerCompany" time="3.314"/>
  <testcase classname="reports.Project_Count_Test" name="countProjectsPerCompany" time="3.267"/>
  <testcase classname="reports.Project_Count_Test" name="countProjectsPerCompany" time="3.133"/>
  <testcase classname="reports.Project_Count_Test" name="countProjectsPerCompany" time="3.116"/>
  <testcase classname="reports.Project_Count_Test" name="countProjectsPerCompany" time="3.086"/>
  <testcase classname="reports.Project_Count_Test" name="countProjectsPerCompany" time="3.213"/>
  <testcase classname="reports.Project_Count_Test" name="countProjectsPerCompany" time="3.098"/>
  <testcase classname="reports.Project_Count_Test" name="countProjectsPerCompany" time="3.233"/>
  <testcase classname="reports.Project_Count_Test" name="countProjectsPerCompany" time="3.239"/>
  <testcase classname="reports.Project_Count_Test" name="countProjectsPerCompany" time="3.868"/>
  <testcase classname="reports.Project_Count_Test" name="countProjectsPerCompany" time="3.235"/>
  <testcase classname="reports.Project_Count_Test" name="countProjectsPerCompany" time="3.076"/>
  <testcase classname="reports.Project_Count_Test" name="countProjectsPerCompany" time="3.147"/>
  <testcase classname="reports.Project_Count_Test" name="countProjectsPerCompany" time="3.351"/>
  <testcase classname="reports.Project_Count_Test" name="countProjectsPerCompany" time="3.201"/>
  <testcase classname="reports.Project_Count_Test" name="countProjectsPerCompany" time="3.049"/>
  <testcase classname="reports.Project_Count_Test" name="countProjectsPerCompany" time="3.401"/>
  <testcase classname="reports.Project_Count_Test" name="countProjectsPerCompany" time="3.033"/>
  <testcase classname="reports.Project_Count_Test" name="countProjectsPerCompany" time="3.379"/>
  <testcase classname="reports.Project_Count_Test" name="countProjectsPerCompany" time="3.350"/>
  <testcase classname="reports.Project_Count_Test" name="countProjectsPerCompany" time="3.297"/>
  <testcase classname="reports.Project_Count_Test" name="countProjectsPerCompany" time="3.615"/>
  <testcase classname="reports.Project_Count_Test" name="countProjectsPerCompany" time="3.236"/>
  <testcase classname="reports.Project_Count_Test" name="countProjectsPerCompany" time="3.233"/>
  <testcase classname="reports.Project_Count_Test" name="countProjectsPerCompany" time="3.285"/>
  <testcase classname="reports.Project_Count_Test" name="countProjectsPerCompany" time="3.081"/>
  <testcase classname="reports.Project_Count_Test" name="countProjectsPerCompany" time="3.088"/>
  <testcase classname="reports.Project_Count_Test" name="countProjectsPerCompany" time="3.298"/>
  <testcase classname="reports.Project_Count_Test" name="countProjectsPerCompany" time="3.372"/>
  <testcase classname="reports.Project_Count_Test" name="countProjectsPerCompany" time="3.195"/>
  <testcase classname="reports.Project_Count_Test" name="countProjectsPerCompany" time="3.048"/>
  <testcase classname="reports.Project_Count_Test" name="countProjectsPerCompany" time="3.220"/>
  <testcase classname="reports.Project_Count_Test" name="countProjectsPerCompany" time="3.229"/>
  <testcase classname="reports.Project_Count_Test" name="countProjectsPerCompany" time="3.217"/>
  <testcase classname="reports.Project_Count_Test" name="countProjectsPerCompany" time="3.171"/>
  <testcase classname="reports.Project_Count_Test" name="countProjectsPerCompany" time="3.148"/>
  <testcase classname="reports.Project_Count_Test" name="countProjectsPerCompany" time="3.430"/>
  <testcase classname="reports.Project_Count_Test" name="countProjectsPerCompany" time="3.681"/>
  <testcase classname="reports.Project_Count_Test" name="countProjectsPerCompany" time="3.101"/>
  <testcase classname="reports.Project_Count_Test" name="countProjectsPerCompany" time="3.302"/>
  <testcase classname="reports.Project_Count_Test" name="countProjectsPerCompany" time="3.288"/>
  <testcase classname="reports.Project_Count_Test" name="countProjectsPerCompany" time="3.017"/>
  <testcase classname="reports.Project_Count_Test" name="countProjectsPerCompany" time="3.160"/>
  <testcase classname="reports.Project_Count_Test" name="countProjectsPerCompany" time="3.307"/>
  <testcase classname="reports.Project_Count_Test" name="countProjectsPerCompany" time="3.212"/>
  <testcase classname="reports.Project_Count_Test" name="countProjectsPerCompany" time="3.232"/>
  <testcase classname="reports.Project_Count_Test" name="countProjectsPerCompany" time="3.299"/>
  <testcase classname="reports.Project_Count_Test" name="countProjectsPerCompany" time="3.182"/>
  <testcase classname="reports.Project_Count_Test" name="countProjectsPerCompany" time="3.218"/>
  <testcase classname="reports.Project_Count_Test" name="countProjectsPerCompany" time="3.371"/>
  <testcase classname="reports.Project_Count_Test" name="countProjectsPerCompany" time="3.081"/>
  <testcase classname="reports.Project_Count_Test" name="countProjectsPerCompany" time="3.336"/>
  <testcase classname="reports.Project_Count_Test" name="countProjectsPerCompany" time="3.184"/>
  <testcase classname="reports.Project_Count_Test" name="countProjectsPerCompany" time="3.336"/>
  <testcase classname="reports.Project_Count_Test" name="countProjectsPerCompany" time="3.503"/>
  <testcase classname="reports.Project_Count_Test" name="countProjectsPerCompany" time="3.081"/>
  <testcase classname="reports.Project_Count_Test" name="countProjectsPerCompany" time="3.235"/>
  <testcase classname="reports.Project_Count_Test" name="countProjectsPerCompany" time="3.114"/>
  <testcase classname="reports.Project_Count_Test" name="countProjectsPerCompany" time="3.417"/>
  <testcase classname="reports.Project_Count_Test" name="countProjectsPerCompany" time="3.277"/>
  <testcase classname="reports.Project_Count_Test" name="countProjectsPerCompany" time="3.275"/>
  <testcase classname="reports.Project_Count_Test" name="countProjectsPerCompany" time="3.418"/>
  <testcase classname="reports.Project_Count_Test" name="countProjectsPerCompany" time="3.146"/>
  <testcase classname="reports.Project_Count_Test" name="countProjectsPerCompany" time="3.115"/>
  <testcase classname="reports.Project_Count_Test" name="countProjectsPerCompany" time="3.315"/>
  <testcase classname="reports.Project_Count_Test" name="countProjectsPerCompany" time="3.234"/>
  <testcase classname="reports.Project_Count_Test" name="countProjectsPerCompany" time="3.167"/>
  <testcase classname="reports.Project_Count_Test" name="countProjectsPerCompany" time="3.549"/>
  <testcase classname="reports.Project_Count_Test" name="countProjectsPerCompany" time="3.199"/>
  <testcase classname="reports.Project_Count_Test" name="countProjectsPerCompany" time="3.349"/>
  <testcase classname="reports.Project_Count_Test" name="countProjectsPerCompany" time="3.250"/>
  <testcase classname="reports.Project_Count_Test" name="countProjectsPerCompany" time="3.081"/>
  <testcase classname="reports.Project_Count_Test" name="countProjectsPerCompany" time="3.042"/>
  <testcase classname="reports.Project_Count_Test" name="countProjectsPerCompany" time="3.198"/>
  <testcase classname="reports.Project_Count_Test" name="countProjectsPerCompany" time="3.266"/>
  <testcase classname="reports.Project_Count_Test" name="countProjectsPerCompany" time="3.115"/>
  <testcase classname="reports.Project_Count_Test" name="countProjectsPerCompany" time="3.264"/>
  <testcase classname="reports.Project_Count_Test" name="countProjectsPerCompany" time="3.162"/>
  <testcase classname="reports.Project_Count_Test" name="countProjectsPerCompany" time="3.145"/>
  <testcase classname="reports.Project_Count_Test" name="countProjectsPerCompany" time="3.216"/>
  <testcase classname="reports.Project_Count_Test" name="countProjectsPerCompany" time="3.336"/>
  <testcase classname="reports.Project_Count_Test" name="countProjectsPerCompany" time="3.387"/>
  <testcase classname="reports.Project_Count_Test" name="countProjectsPerCompany" time="3.398"/>
  <testcase classname="reports.Project_Count_Test" name="countProjectsPerCompany" time="3.110"/>
  <testcase classname="reports.Project_Count_Test" name="countProjectsPerCompany" time="3.205"/>
  <testcase classname="reports.Project_Count_Test" name="countProjectsPerCompany" time="3.184"/>
  <testcase classname="reports.Project_Count_Test" name="countProjectsPerCompany" time="3.714"/>
  <testcase classname="reports.Project_Count_Test" name="countProjectsPerCompany" time="3.149"/>
  <testcase classname="reports.Project_Count_Test" name="countProjectsPerCompany" time="3.191"/>
  <testcase classname="reports.Project_Count_Test" name="countProjectsPerCompany" time="3.307"/>
  <testcase classname="reports.Project_Count_Test" name="countProjectsPerCompany" time="2.971"/>
  <testcase classname="reports.Project_Count_Test" name="countProjectsPerCompany" time="3.076"/>
  <testcase classname="reports.Project_Count_Test" name="countProjectsPerCompany" time="3.347"/>
  <testcase classname="reports.Project_Count_Test" name="countProjectsPerCompany" time="3.222"/>
  <testcase classname="reports.Project_Count_Test" name="countProjectsPerCompany" time="3.255"/>
  <testcase classname="reports.Project_Count_Test" name="countProjectsPerCompany" time="3.138"/>
  <testcase classname="reports.Project_Count_Test" name="countProjectsPerCompany" time="3.235"/>
  <testcase classname="reports.Project_Count_Test" name="countProjectsPerCompany" time="3.203"/>
  <testcase classname="reports.Project_Count_Test" name="countProjectsPerCompany" time="3.234"/>
  <testcase classname="reports.Project_Count_Test" name="countProjectsPerCompany" time="3.418"/>
  <testcase classname="reports.Project_Count_Test" name="countProjectsPerCompany" time="3.187"/>
  <testcase classname="reports.Project_Count_Test" name="countProjectsPerCompany" time="3.167"/>
  <testcase classname="reports.Project_Count_Test" name="countProjectsPerCompany" time="3.962"/>
  <testcase classname="reports.Project_Count_Test" name="countProjectsPerCompany" time="3.183"/>
  <testcase classname="reports.Project_Count_Test" name="countProjectsPerCompany" time="3.706"/>
  <testcase classname="reports.Project_Count_Test" name="countProjectsPerCompany" time="3.448"/>
  <testcase classname="reports.Project_Count_Test" name="countProjectsPerCompany" time="3.220"/>
  <testcase classname="reports.Project_Count_Test" name="countProjectsPerCompany" time="3.154"/>
  <testcase classname="reports.Project_Count_Test" name="countProjectsPerCompany" time="3.082"/>
  <testcase classname="reports.Project_Count_Test" name="countProjectsPerCompany" time="3.250"/>
  <testcase classname="reports.Project_Count_Test" name="countProjectsPerCompany" time="3.165"/>
  <testcase classname="reports.Project_Count_Test" name="countProjectsPerCompany" time="3.336"/>
  <testcase classname="reports.Project_Count_Test" name="countProjectsPerCompany" time="3.153"/>
  <testcase classname="reports.Project_Count_Test" name="countProjectsPerCompany" time="3.166"/>
  <testcase classname="reports.Project_Count_Test" name="countProjectsPerCompany" time="3.067"/>
  <testcase classname="reports.Project_Count_Test" name="countProjectsPerCompany" time="3.463"/>
  <testcase classname="reports.Project_Count_Test" name="countProjectsPerCompany" time="3.053"/>
  <testcase classname="reports.Project_Count_Test" name="countProjectsPerCompany" time="3.536"/>
  <testcase classname="reports.Project_Count_Test" name="countProjectsPerCompany" time="3.415"/>
  <testcase classname="reports.Project_Count_Test" name="countProjectsPerCompany" time="3.268"/>
  <testcase classname="reports.Project_Count_Test" name="countProjectsPerCompany" time="2.984"/>
  <testcase classname="reports.Project_Count_Test" name="countProjectsPerCompany" time="3.199"/>
  <testcase classname="reports.Project_Count_Test" name="countProjectsPerCompany" time="3.115"/>
  <testcase classname="reports.Project_Count_Test" name="countProjectsPerCompany" time="3.351"/>
  <testcase classname="reports.Project_Count_Test" name="countProjectsPerCompany" time="3.168"/>
  <testcase classname="reports.Project_Count_Test" name="countProjectsPerCompany" time="3.430"/>
  <testcase classname="reports.Project_Count_Test" name="countProjectsPerCompany" time="3.680"/>
  <testcase classname="reports.Project_Count_Test" name="countProjectsPerCompany" time="3.155"/>
  <testcase classname="reports.Project_Count_Test" name="countProjectsPerCompany" time="3.095"/>
  <testcase classname="reports.Project_Count_Test" name="countProjectsPerCompany" time="3.030"/>
  <testcase classname="reports.Project_Count_Test" name="countProjectsPerCompany" time="3.330"/>
  <testcase classname="reports.Project_Count_Test" name="countProjectsPerCompany" time="3.172"/>
  <testcase classname="reports.Project_Count_Test" name="countProjectsPerCompany" time="3.217"/>
  <testcase classname="reports.Project_Count_Test" name="countProjectsPerCompany" time="3.350"/>
  <testcase classname="reports.Project_Count_Test" name="countProjectsPerCompany" time="2.982"/>
  <testcase classname="reports.Project_Count_Test" name="countProjectsPerCompany" time="3.231"/>
  <testcase classname="reports.Project_Count_Test" name="countProjectsPerCompany" time="3.067"/>
  <testcase classname="reports.Project_Count_Test" name="countProjectsPerCompany" time="3.431"/>
  <testcase classname="reports.Project_Count_Test" name="countProjectsPerCompany" time="3.126"/>
  <testcase classname="reports.Project_Count_Test" name="countProjectsPerCompany" time="3.220"/>
  <testcase classname="reports.Project_Count_Test" name="countProjectsPerCompany" time="3.199"/>
  <testcase classname="reports.Project_Count_Test" name="countProjectsPerCompany" time="3.170"/>
  <testcase classname="reports.Project_Count_Test" name="countProjectsPerCompany" time="3.070"/>
  <testcase classname="reports.Project_Count_Test" name="countProjectsPerCompany" time="3.699"/>
  <testcase classname="reports.Project_Count_Test" name="countProjectsPerCompany" time="3.182"/>
  <testcase classname="reports.Project_Count_Test" name="countProjectsPerCompany" time="3.215"/>
  <testcase classname="reports.Project_Count_Test" name="countProjectsPerCompany" time="3.350"/>
  <testcase classname="reports.Project_Count_Test" name="countProjectsPerCompany" time="3.166"/>
  <testcase classname="reports.Project_Count_Test" name="countProjectsPerCompany" time="3.287"/>
  <testcase classname="reports.Project_Count_Test" name="countProjectsPerCompany" time="3.083"/>
  <testcase classname="reports.Project_Count_Test" name="countProjectsPerCompany" time="3.266"/>
  <testcase classname="reports.Project_Count_Test" name="countProjectsPerCompany" time="3.231"/>
  <testcase classname="reports.Project_Count_Test" name="countProjectsPerCompany" time="3.232"/>
  <testcase classname="reports.Project_Count_Test" name="countProjectsPerCompany" time="3.033"/>
  <testcase classname="reports.Project_Count_Test" name="countProjectsPerCompany" time="3.135"/>
  <testcase classname="reports.Project_Count_Test" name="countProjectsPerCompany" time="3.197"/>
  <testcase classname="reports.Project_Count_Test" name="countProjectsPerCompany" time="3.067"/>
  <testcase classname="reports.Project_Count_Test" name="countProjectsPerCompany" time="3.217"/>
  <testcase classname="reports.Project_Count_Test" name="countProjectsPerCompany" time="3.084"/>
  <testcase classname="reports.Project_Count_Test" name="countProjectsPerCompany" time="3.166"/>
  <testcase classname="reports.Project_Count_Test" name="countProjectsPerCompany" time="3.564"/>
  <testcase classname="reports.Project_Count_Test" name="countProjectsPerCompany" time="3.234"/>
  <testcase classname="reports.Project_Count_Test" name="countProjectsPerCompany" time="3.214"/>
  <testcase classname="reports.Project_Count_Test" name="countProjectsPerCompany" time="3.053"/>
  <testcase classname="reports.Project_Count_Test" name="countProjectsPerCompany" time="3.183"/>
  <testcase classname="reports.Project_Count_Test" name="countProjectsPerCompany" time="3.182"/>
  <testcase classname="reports.Project_Count_Test" name="countProjectsPerCompany" time="3.002"/>
  <testcase classname="reports.Project_Count_Test" name="countProjectsPerCompany" time="3.114"/>
  <testcase classname="reports.Project_Count_Test" name="countProjectsPerCompany" time="3.634"/>
  <testcase classname="reports.Project_Count_Test" name="countProjectsPerCompany" time="3.148"/>
  <testcase classname="reports.Project_Count_Test" name="countProjectsPerCompany" time="3.334"/>
  <testcase classname="reports.Project_Count_Test" name="countProjectsPerCompany" time="3.136"/>
  <testcase classname="reports.Project_Count_Test" name="countProjectsPerCompany" time="15.348"/>
  <testcase classname="reports.Project_Count_Test" name="countProjectsPerCompany" time="3.302"/>
  <testcase classname="reports.Project_Count_Test" name="countProjectsPerCompany" time="3.236"/>
  <testcase classname="reports.Project_Count_Test" name="countProjectsPerCompany" time="3.102"/>
  <testcase classname="reports.Project_Count_Test" name="countProjectsPerCompany" time="3.584"/>
  <testcase classname="reports.Project_Count_Test" name="countProjectsPerCompany" time="3.094"/>
  <testcase classname="reports.Project_Count_Test" name="countProjectsPerCompany" time="3.016"/>
  <testcase classname="reports.Project_Count_Test" name="countProjectsPerCompany" time="3.371"/>
  <testcase classname="reports.Project_Count_Test" name="countProjectsPerCompany" time="3.186"/>
  <testcase classname="reports.Project_Count_Test" name="countProjectsPerCompany" time="3.131"/>
</testsuite> <!-- reports.Project_Count_Test -->
