<?xml version="1.0" encoding="UTF-8"?>
<!-- Generated by org.testng.reporters.JUnitReportReporter -->
<testsuite hostname="FMR4117-VaradD" failures="0" tests="5" name="reports.Project_Reports_DataDriven" time="100.173" errors="0" timestamp="2026-01-21T19:18:49 IST" skipped="2">
  <testcase classname="reports.Project_Reports_DataDriven" name="createProjectDD" time="0.024">
    <skipped/>
  </testcase> <!-- createProjectDD -->
  <testcase classname="reports.Project_Reports_DataDriven" name="createProjectDD" time="24.362"/>
  <testcase classname="reports.Project_Reports_DataDriven" name="createProjectDD" time="51.669"/>
  <testcase classname="reports.Project_Reports_DataDriven" name="createProjectDD" time="0.001">
    <skipped/>
  </testcase> <!-- createProjectDD -->
  <testcase classname="reports.Project_Reports_DataDriven" name="createProjectDD" time="24.117"/>
</testsuite> <!-- reports.Project_Reports_DataDriven -->
