<?xml version="1.0" encoding="UTF-8"?>
<!-- Generated by org.testng.reporters.JUnitReportReporter -->
<testsuite hostname="FMR4117-VaradD" failures="0" tests="6" name="reports.Project_Grid_Test" time="199.825" errors="0" timestamp="2026-01-29T13:30:01 IST" skipped="0">
  <testcase classname="reports.Project_Grid_Test" name="verifySearchFilter" time="15.346"/>
  <testcase classname="reports.Project_Grid_Test" name="verifySorting" time="12.865"/>
  <testcase classname="reports.Project_Grid_Test" name="verifyHideAllColumns" time="66.863"/>
  <testcase classname="reports.Project_Grid_Test" name="verifyPaginationFullTraversal" time="78.663"/>
  <testcase classname="reports.Project_Grid_Test" name="verifySortingproj" time="13.258"/>
  <testcase classname="reports.Project_Grid_Test" name="verifySortingsource" time="12.830"/>
</testsuite> <!-- reports.Project_Grid_Test -->
