<?xml version="1.0" encoding="UTF-8"?>
<!-- Generated by org.testng.reporters.JUnitReportReporter -->
<testsuite hostname="FMR4117-VaradD" failures="0" tests="212" name="reports.Project_Count_Test" time="753.521" errors="0" timestamp="2026-01-09T17:12:53 IST" skipped="0">
  <testcase classname="reports.Project_Count_Test" name="countProjectsPerCompany" time="3.817"/>
  <testcase classname="reports.Project_Count_Test" name="countProjectsPerCompany" time="3.284"/>
  <testcase classname="reports.Project_Count_Test" name="countProjectsPerCompany" time="3.367"/>
  <testcase classname="reports.Project_Count_Test" name="countProjectsPerCompany" time="3.328"/>
  <testcase classname="reports.Project_Count_Test" name="countProjectsPerCompany" time="3.537"/>
  <testcase classname="reports.Project_Count_Test" name="countProjectsPerCompany" time="4.399"/>
  <testcase classname="reports.Project_Count_Test" name="countProjectsPerCompany" time="3.316"/>
  <testcase classname="reports.Project_Count_Test" name="countProjectsPerCompany" time="3.304"/>
  <testcase classname="reports.Project_Count_Test" name="countProjectsPerCompany" time="3.349"/>
  <testcase classname="reports.Project_Count_Test" name="countProjectsPerCompany" time="3.592"/>
  <testcase classname="reports.Project_Count_Test" name="countProjectsPerCompany" time="3.025"/>
  <testcase classname="reports.Project_Count_Test" name="countProjectsPerCompany" time="3.750"/>
  <testcase classname="reports.Project_Count_Test" name="countProjectsPerCompany" time="4.887"/>
  <testcase classname="reports.Project_Count_Test" name="countProjectsPerCompany" time="3.117"/>
  <testcase classname="reports.Project_Count_Test" name="countProjectsPerCompany" time="3.424"/>
  <testcase classname="reports.Project_Count_Test" name="countProjectsPerCompany" time="4.364"/>
  <testcase classname="reports.Project_Count_Test" name="countProjectsPerCompany" time="3.904"/>
  <testcase classname="reports.Project_Count_Test" name="countProjectsPerCompany" time="3.846"/>
  <testcase classname="reports.Project_Count_Test" name="countProjectsPerCompany" time="3.218"/>
  <testcase classname="reports.Project_Count_Test" name="countProjectsPerCompany" time="3.217"/>
  <testcase classname="reports.Project_Count_Test" name="countProjectsPerCompany" time="3.374"/>
  <testcase classname="reports.Project_Count_Test" name="countProjectsPerCompany" time="4.178"/>
  <testcase classname="reports.Project_Count_Test" name="countProjectsPerCompany" time="3.217"/>
  <testcase classname="reports.Project_Count_Test" name="countProjectsPerCompany" time="3.330"/>
  <testcase classname="reports.Project_Count_Test" name="countProjectsPerCompany" time="3.350"/>
  <testcase classname="reports.Project_Count_Test" name="countProjectsPerCompany" time="3.116"/>
  <testcase classname="reports.Project_Count_Test" name="countProjectsPerCompany" time="3.491"/>
  <testcase classname="reports.Project_Count_Test" name="countProjectsPerCompany" time="3.600"/>
  <testcase classname="reports.Project_Count_Test" name="countProjectsPerCompany" time="3.117"/>
  <testcase classname="reports.Project_Count_Test" name="countProjectsPerCompany" time="3.440"/>
  <testcase classname="reports.Project_Count_Test" name="countProjectsPerCompany" time="4.180"/>
  <testcase classname="reports.Project_Count_Test" name="countProjectsPerCompany" time="3.267"/>
  <testcase classname="reports.Project_Count_Test" name="countProjectsPerCompany" time="3.276"/>
  <testcase classname="reports.Project_Count_Test" name="countProjectsPerCompany" time="3.383"/>
  <testcase classname="reports.Project_Count_Test" name="countProjectsPerCompany" time="4.341"/>
  <testcase classname="reports.Project_Count_Test" name="countProjectsPerCompany" time="3.150"/>
  <testcase classname="reports.Project_Count_Test" name="countProjectsPerCompany" time="3.832"/>
  <testcase classname="reports.Project_Count_Test" name="countProjectsPerCompany" time="3.216"/>
  <testcase classname="reports.Project_Count_Test" name="countProjectsPerCompany" time="3.300"/>
  <testcase classname="reports.Project_Count_Test" name="countProjectsPerCompany" time="3.417"/>
  <testcase classname="reports.Project_Count_Test" name="countProjectsPerCompany" time="4.378"/>
  <testcase classname="reports.Project_Count_Test" name="countProjectsPerCompany" time="3.749"/>
  <testcase classname="reports.Project_Count_Test" name="countProjectsPerCompany" time="3.211"/>
  <testcase classname="reports.Project_Count_Test" name="countProjectsPerCompany" time="3.711"/>
  <testcase classname="reports.Project_Count_Test" name="countProjectsPerCompany" time="4.064"/>
  <testcase classname="reports.Project_Count_Test" name="countProjectsPerCompany" time="3.089"/>
  <testcase classname="reports.Project_Count_Test" name="countProjectsPerCompany" time="3.268"/>
  <testcase classname="reports.Project_Count_Test" name="countProjectsPerCompany" time="3.679"/>
  <testcase classname="reports.Project_Count_Test" name="countProjectsPerCompany" time="3.234"/>
  <testcase classname="reports.Project_Count_Test" name="countProjectsPerCompany" time="3.503"/>
  <testcase classname="reports.Project_Count_Test" name="countProjectsPerCompany" time="3.400"/>
  <testcase classname="reports.Project_Count_Test" name="countProjectsPerCompany" time="3.586"/>
  <testcase classname="reports.Project_Count_Test" name="countProjectsPerCompany" time="3.300"/>
  <testcase classname="reports.Project_Count_Test" name="countProjectsPerCompany" time="3.547"/>
  <testcase classname="reports.Project_Count_Test" name="countProjectsPerCompany" time="3.191"/>
  <testcase classname="reports.Project_Count_Test" name="countProjectsPerCompany" time="3.250"/>
  <testcase classname="reports.Project_Count_Test" name="countProjectsPerCompany" time="3.566"/>
  <testcase classname="reports.Project_Count_Test" name="countProjectsPerCompany" time="3.294"/>
  <testcase classname="reports.Project_Count_Test" name="countProjectsPerCompany" time="3.250"/>
  <testcase classname="reports.Project_Count_Test" name="countProjectsPerCompany" time="3.157"/>
  <testcase classname="reports.Project_Count_Test" name="countProjectsPerCompany" time="3.267"/>
  <testcase classname="reports.Project_Count_Test" name="countProjectsPerCompany" time="3.333"/>
  <testcase classname="reports.Project_Count_Test" name="countProjectsPerCompany" time="3.276"/>
  <testcase classname="reports.Project_Count_Test" name="countProjectsPerCompany" time="3.150"/>
  <testcase classname="reports.Project_Count_Test" name="countProjectsPerCompany" time="3.727"/>
  <testcase classname="reports.Project_Count_Test" name="countProjectsPerCompany" time="3.547"/>
  <testcase classname="reports.Project_Count_Test" name="countProjectsPerCompany" time="3.316"/>
  <testcase classname="reports.Project_Count_Test" name="countProjectsPerCompany" time="3.431"/>
  <testcase classname="reports.Project_Count_Test" name="countProjectsPerCompany" time="3.387"/>
  <testcase classname="reports.Project_Count_Test" name="countProjectsPerCompany" time="3.391"/>
  <testcase classname="reports.Project_Count_Test" name="countProjectsPerCompany" time="3.433"/>
  <testcase classname="reports.Project_Count_Test" name="countProjectsPerCompany" time="3.260"/>
  <testcase classname="reports.Project_Count_Test" name="countProjectsPerCompany" time="4.342"/>
  <testcase classname="reports.Project_Count_Test" name="countProjectsPerCompany" time="3.037"/>
  <testcase classname="reports.Project_Count_Test" name="countProjectsPerCompany" time="3.151"/>
  <testcase classname="reports.Project_Count_Test" name="countProjectsPerCompany" time="3.181"/>
  <testcase classname="reports.Project_Count_Test" name="countProjectsPerCompany" time="3.217"/>
  <testcase classname="reports.Project_Count_Test" name="countProjectsPerCompany" time="3.682"/>
  <testcase classname="reports.Project_Count_Test" name="countProjectsPerCompany" time="3.043"/>
  <testcase classname="reports.Project_Count_Test" name="countProjectsPerCompany" time="3.417"/>
  <testcase classname="reports.Project_Count_Test" name="countProjectsPerCompany" time="3.423"/>
  <testcase classname="reports.Project_Count_Test" name="countProjectsPerCompany" time="3.349"/>
  <testcase classname="reports.Project_Count_Test" name="countProjectsPerCompany" time="3.414"/>
  <testcase classname="reports.Project_Count_Test" name="countProjectsPerCompany" time="3.768"/>
  <testcase classname="reports.Project_Count_Test" name="countProjectsPerCompany" time="3.034"/>
  <testcase classname="reports.Project_Count_Test" name="countProjectsPerCompany" time="3.543"/>
  <testcase classname="reports.Project_Count_Test" name="countProjectsPerCompany" time="3.367"/>
  <testcase classname="reports.Project_Count_Test" name="countProjectsPerCompany" time="3.154"/>
  <testcase classname="reports.Project_Count_Test" name="countProjectsPerCompany" time="3.372"/>
  <testcase classname="reports.Project_Count_Test" name="countProjectsPerCompany" time="3.671"/>
  <testcase classname="reports.Project_Count_Test" name="countProjectsPerCompany" time="3.696"/>
  <testcase classname="reports.Project_Count_Test" name="countProjectsPerCompany" time="3.184"/>
  <testcase classname="reports.Project_Count_Test" name="countProjectsPerCompany" time="3.500"/>
  <testcase classname="reports.Project_Count_Test" name="countProjectsPerCompany" time="3.313"/>
  <testcase classname="reports.Project_Count_Test" name="countProjectsPerCompany" time="18.786"/>
  <testcase classname="reports.Project_Count_Test" name="countProjectsPerCompany" time="3.167"/>
  <testcase classname="reports.Project_Count_Test" name="countProjectsPerCompany" time="3.299"/>
  <testcase classname="reports.Project_Count_Test" name="countProjectsPerCompany" time="3.197"/>
  <testcase classname="reports.Project_Count_Test" name="countProjectsPerCompany" time="5.085"/>
  <testcase classname="reports.Project_Count_Test" name="countProjectsPerCompany" time="3.400"/>
  <testcase classname="reports.Project_Count_Test" name="countProjectsPerCompany" time="3.135"/>
  <testcase classname="reports.Project_Count_Test" name="countProjectsPerCompany" time="3.195"/>
  <testcase classname="reports.Project_Count_Test" name="countProjectsPerCompany" time="3.811"/>
  <testcase classname="reports.Project_Count_Test" name="countProjectsPerCompany" time="3.960"/>
  <testcase classname="reports.Project_Count_Test" name="countProjectsPerCompany" time="3.183"/>
  <testcase classname="reports.Project_Count_Test" name="countProjectsPerCompany" time="3.067"/>
  <testcase classname="reports.Project_Count_Test" name="countProjectsPerCompany" time="3.150"/>
  <testcase classname="reports.Project_Count_Test" name="countProjectsPerCompany" time="4.921"/>
  <testcase classname="reports.Project_Count_Test" name="countProjectsPerCompany" time="3.200"/>
  <testcase classname="reports.Project_Count_Test" name="countProjectsPerCompany" time="3.163"/>
  <testcase classname="reports.Project_Count_Test" name="countProjectsPerCompany" time="3.167"/>
  <testcase classname="reports.Project_Count_Test" name="countProjectsPerCompany" time="3.217"/>
  <testcase classname="reports.Project_Count_Test" name="countProjectsPerCompany" time="4.441"/>
  <testcase classname="reports.Project_Count_Test" name="countProjectsPerCompany" time="3.099"/>
  <testcase classname="reports.Project_Count_Test" name="countProjectsPerCompany" time="4.530"/>
  <testcase classname="reports.Project_Count_Test" name="countProjectsPerCompany" time="3.207"/>
  <testcase classname="reports.Project_Count_Test" name="countProjectsPerCompany" time="3.083"/>
  <testcase classname="reports.Project_Count_Test" name="countProjectsPerCompany" time="3.656"/>
  <testcase classname="reports.Project_Count_Test" name="countProjectsPerCompany" time="4.172"/>
  <testcase classname="reports.Project_Count_Test" name="countProjectsPerCompany" time="3.583"/>
  <testcase classname="reports.Project_Count_Test" name="countProjectsPerCompany" time="3.759"/>
  <testcase classname="reports.Project_Count_Test" name="countProjectsPerCompany" time="4.747"/>
  <testcase classname="reports.Project_Count_Test" name="countProjectsPerCompany" time="3.351"/>
  <testcase classname="reports.Project_Count_Test" name="countProjectsPerCompany" time="3.681"/>
  <testcase classname="reports.Project_Count_Test" name="countProjectsPerCompany" time="3.368"/>
  <testcase classname="reports.Project_Count_Test" name="countProjectsPerCompany" time="3.469"/>
  <testcase classname="reports.Project_Count_Test" name="countProjectsPerCompany" time="3.433"/>
  <testcase classname="reports.Project_Count_Test" name="countProjectsPerCompany" time="4.361"/>
  <testcase classname="reports.Project_Count_Test" name="countProjectsPerCompany" time="3.191"/>
  <testcase classname="reports.Project_Count_Test" name="countProjectsPerCompany" time="3.250"/>
  <testcase classname="reports.Project_Count_Test" name="countProjectsPerCompany" time="3.863"/>
  <testcase classname="reports.Project_Count_Test" name="countProjectsPerCompany" time="4.252"/>
  <testcase classname="reports.Project_Count_Test" name="countProjectsPerCompany" time="3.233"/>
  <testcase classname="reports.Project_Count_Test" name="countProjectsPerCompany" time="3.745"/>
  <testcase classname="reports.Project_Count_Test" name="countProjectsPerCompany" time="3.538"/>
  <testcase classname="reports.Project_Count_Test" name="countProjectsPerCompany" time="3.284"/>
  <testcase classname="reports.Project_Count_Test" name="countProjectsPerCompany" time="4.063"/>
  <testcase classname="reports.Project_Count_Test" name="countProjectsPerCompany" time="3.251"/>
  <testcase classname="reports.Project_Count_Test" name="countProjectsPerCompany" time="3.243"/>
  <testcase classname="reports.Project_Count_Test" name="countProjectsPerCompany" time="3.239"/>
  <testcase classname="reports.Project_Count_Test" name="countProjectsPerCompany" time="3.051"/>
  <testcase classname="reports.Project_Count_Test" name="countProjectsPerCompany" time="3.400"/>
  <testcase classname="reports.Project_Count_Test" name="countProjectsPerCompany" time="3.184"/>
  <testcase classname="reports.Project_Count_Test" name="countProjectsPerCompany" time="3.267"/>
  <testcase classname="reports.Project_Count_Test" name="countProjectsPerCompany" time="3.590"/>
  <testcase classname="reports.Project_Count_Test" name="countProjectsPerCompany" time="3.294"/>
  <testcase classname="reports.Project_Count_Test" name="countProjectsPerCompany" time="3.185"/>
  <testcase classname="reports.Project_Count_Test" name="countProjectsPerCompany" time="3.569"/>
  <testcase classname="reports.Project_Count_Test" name="countProjectsPerCompany" time="3.963"/>
  <testcase classname="reports.Project_Count_Test" name="countProjectsPerCompany" time="3.038"/>
  <testcase classname="reports.Project_Count_Test" name="countProjectsPerCompany" time="3.333"/>
  <testcase classname="reports.Project_Count_Test" name="countProjectsPerCompany" time="3.423"/>
  <testcase classname="reports.Project_Count_Test" name="countProjectsPerCompany" time="3.661"/>
  <testcase classname="reports.Project_Count_Test" name="countProjectsPerCompany" time="3.416"/>
  <testcase classname="reports.Project_Count_Test" name="countProjectsPerCompany" time="3.501"/>
  <testcase classname="reports.Project_Count_Test" name="countProjectsPerCompany" time="3.245"/>
  <testcase classname="reports.Project_Count_Test" name="countProjectsPerCompany" time="3.196"/>
  <testcase classname="reports.Project_Count_Test" name="countProjectsPerCompany" time="3.987"/>
  <testcase classname="reports.Project_Count_Test" name="countProjectsPerCompany" time="3.253"/>
  <testcase classname="reports.Project_Count_Test" name="countProjectsPerCompany" time="3.281"/>
  <testcase classname="reports.Project_Count_Test" name="countProjectsPerCompany" time="3.204"/>
  <testcase classname="reports.Project_Count_Test" name="countProjectsPerCompany" time="4.095"/>
  <testcase classname="reports.Project_Count_Test" name="countProjectsPerCompany" time="3.884"/>
  <testcase classname="reports.Project_Count_Test" name="countProjectsPerCompany" time="3.250"/>
  <testcase classname="reports.Project_Count_Test" name="countProjectsPerCompany" time="3.135"/>
  <testcase classname="reports.Project_Count_Test" name="countProjectsPerCompany" time="3.177"/>
  <testcase classname="reports.Project_Count_Test" name="countProjectsPerCompany" time="3.277"/>
  <testcase classname="reports.Project_Count_Test" name="countProjectsPerCompany" time="3.163"/>
  <testcase classname="reports.Project_Count_Test" name="countProjectsPerCompany" time="3.189"/>
  <testcase classname="reports.Project_Count_Test" name="countProjectsPerCompany" time="3.582"/>
  <testcase classname="reports.Project_Count_Test" name="countProjectsPerCompany" time="3.067"/>
  <testcase classname="reports.Project_Count_Test" name="countProjectsPerCompany" time="3.168"/>
  <testcase classname="reports.Project_Count_Test" name="countProjectsPerCompany" time="3.476"/>
  <testcase classname="reports.Project_Count_Test" name="countProjectsPerCompany" time="3.249"/>
  <testcase classname="reports.Project_Count_Test" name="countProjectsPerCompany" time="3.333"/>
  <testcase classname="reports.Project_Count_Test" name="countProjectsPerCompany" time="3.000"/>
  <testcase classname="reports.Project_Count_Test" name="countProjectsPerCompany" time="3.583"/>
  <testcase classname="reports.Project_Count_Test" name="countProjectsPerCompany" time="3.736"/>
  <testcase classname="reports.Project_Count_Test" name="countProjectsPerCompany" time="3.299"/>
  <testcase classname="reports.Project_Count_Test" name="countProjectsPerCompany" time="3.723"/>
  <testcase classname="reports.Project_Count_Test" name="countProjectsPerCompany" time="3.473"/>
  <testcase classname="reports.Project_Count_Test" name="countProjectsPerCompany" time="3.260"/>
  <testcase classname="reports.Project_Count_Test" name="countProjectsPerCompany" time="3.400"/>
  <testcase classname="reports.Project_Count_Test" name="countProjectsPerCompany" time="3.209"/>
  <testcase classname="reports.Project_Count_Test" name="countProjectsPerCompany" time="3.734"/>
  <testcase classname="reports.Project_Count_Test" name="countProjectsPerCompany" time="3.459"/>
  <testcase classname="reports.Project_Count_Test" name="countProjectsPerCompany" time="3.364"/>
  <testcase classname="reports.Project_Count_Test" name="countProjectsPerCompany" time="3.200"/>
  <testcase classname="reports.Project_Count_Test" name="countProjectsPerCompany" time="3.307"/>
  <testcase classname="reports.Project_Count_Test" name="countProjectsPerCompany" time="3.711"/>
  <testcase classname="reports.Project_Count_Test" name="countProjectsPerCompany" time="3.812"/>
  <testcase classname="reports.Project_Count_Test" name="countProjectsPerCompany" time="3.170"/>
  <testcase classname="reports.Project_Count_Test" name="countProjectsPerCompany" time="3.516"/>
  <testcase classname="reports.Project_Count_Test" name="countProjectsPerCompany" time="3.946"/>
  <testcase classname="reports.Project_Count_Test" name="countProjectsPerCompany" time="3.173"/>
  <testcase classname="reports.Project_Count_Test" name="countProjectsPerCompany" time="3.976"/>
  <testcase classname="reports.Project_Count_Test" name="countProjectsPerCompany" time="3.167"/>
  <testcase classname="reports.Project_Count_Test" name="countProjectsPerCompany" time="3.281"/>
  <testcase classname="reports.Project_Count_Test" name="countProjectsPerCompany" time="3.416"/>
  <testcase classname="reports.Project_Count_Test" name="countProjectsPerCompany" time="3.463"/>
  <testcase classname="reports.Project_Count_Test" name="countProjectsPerCompany" time="3.450"/>
  <testcase classname="reports.Project_Count_Test" name="countProjectsPerCompany" time="3.262"/>
  <testcase classname="reports.Project_Count_Test" name="countProjectsPerCompany" time="3.775"/>
  <testcase classname="reports.Project_Count_Test" name="countProjectsPerCompany" time="3.417"/>
  <testcase classname="reports.Project_Count_Test" name="countProjectsPerCompany" time="3.977"/>
  <testcase classname="reports.Project_Count_Test" name="countProjectsPerCompany" time="3.317"/>
  <testcase classname="reports.Project_Count_Test" name="countProjectsPerCompany" time="3.347"/>
  <testcase classname="reports.Project_Count_Test" name="countProjectsPerCompany" time="3.764"/>
  <testcase classname="reports.Project_Count_Test" name="countProjectsPerCompany" time="4.208"/>
  <testcase classname="reports.Project_Count_Test" name="countProjectsPerCompany" time="3.262"/>
  <testcase classname="reports.Project_Count_Test" name="countProjectsPerCompany" time="3.384"/>
  <testcase classname="reports.Project_Count_Test" name="countProjectsPerCompany" time="3.276"/>
</testsuite> <!-- reports.Project_Count_Test -->
